<?xml version="1.0" encoding="UTF-8"?>
<!-- Generated by org.testng.reporters.JUnitXMLReporter -->
<testsuite hostname="WIN-O8ROO69HMV9" name="Default test" tests="5" failures="0" timestamp="5 Aug 2019 18:34:36 GMT" time="3.206" errors="0">
  <testcase name="createRepository" time="1.903" classname="com.agrostar.tests.GitHub_APITest"/>
  <testcase name="verifyRepository" time="0.193" classname="com.agrostar.tests.GitHub_APITest"/>
  <testcase name="markStarRepository" time="0.404" classname="com.agrostar.tests.GitHub_APITest"/>
  <testcase name="verifyStarRepository" time="0.239" classname="com.agrostar.tests.GitHub_APITest"/>
  <testcase name="deleteRepository" time="0.408" classname="com.agrostar.tests.GitHub_APITest"/>
</testsuite> <!-- Default test -->
