<?xml version="1.0" encoding="UTF-8"?>
<testng-results skipped="0" failed="0" total="1" passed="1">
  <reporter-output>
  </reporter-output>
  <suite name="TestSuite" duration-ms="40860" started-at="2019-08-04T16:59:18Z" finished-at="2019-08-04T16:59:58Z">
    <groups>
    </groups>
    <test name="ChromeTest" duration-ms="40860" started-at="2019-08-04T16:59:18Z" finished-at="2019-08-04T16:59:58Z">
      <class name="com.agrostar.automation.AmazonAutomation.AmazonTest_Class">
        <test-method status="PASS" signature="setupBrowser(java.lang.String)[pri:0, instance:com.agrostar.automation.AmazonAutomation.AmazonTest_Class@7006c658]" name="setupBrowser" is-config="true" duration-ms="4138" started-at="2019-08-04T22:29:18Z" finished-at="2019-08-04T22:29:22Z">
          <params>
            <param index="0">
              <value>
                <![CDATA[Chrome]]>
              </value>
            </param>
          </params>
          <reporter-output>
          </reporter-output>
        </test-method> <!-- setupBrowser -->
        <test-method status="PASS" signature="verifyFunctionalityOfAddingItemsToCart()[pri:0, instance:com.agrostar.automation.AmazonAutomation.AmazonTest_Class@7006c658]" name="verifyFunctionalityOfAddingItemsToCart" duration-ms="35829" started-at="2019-08-04T22:29:22Z" finished-at="2019-08-04T22:29:58Z">
          <reporter-output>
          </reporter-output>
        </test-method> <!-- verifyFunctionalityOfAddingItemsToCart -->
        <test-method status="PASS" signature="closeBrowser(java.lang.String)[pri:0, instance:com.agrostar.automation.AmazonAutomation.AmazonTest_Class@7006c658]" name="closeBrowser" is-config="true" duration-ms="878" started-at="2019-08-04T22:29:58Z" finished-at="2019-08-04T22:29:58Z">
          <params>
            <param index="0">
              <value>
                <![CDATA[Chrome]]>
              </value>
            </param>
          </params>
          <reporter-output>
          </reporter-output>
        </test-method> <!-- closeBrowser -->
      </class> <!-- com.agrostar.automation.AmazonAutomation.AmazonTest_Class -->
    </test> <!-- ChromeTest -->
  </suite> <!-- TestSuite -->
</testng-results>
